<?xml version="1.0" encoding="UTF-8"?>
<!-- Generated by org.testng.reporters.JUnitReportReporter -->
<testsuite skipped="0" hostname="LAPTOP-PH4T5HGA" name="com.e2e.testcases.OrderPageTest" tests="1" failures="0" timestamp="2022-10-12T12:51:39 BST" time="25.987" errors="0">
  <testcase name="verifyTotalPrice" time="25.987" classname="com.e2e.testcases.OrderPageTest"/>
  <system-out/>
</testsuite> <!-- com.e2e.testcases.OrderPageTest -->
