<?xml version="1.0" encoding="UTF-8"?>
<!-- Generated by org.testng.reporters.JUnitReportReporter -->
<testsuite skipped="0" hostname="LAPTOP-PH4T5HGA" name="com.e2e.testcases.HomePageTest" tests="2" failures="0" timestamp="2022-10-28T18:52:56 BST" time="33.281" errors="0">
  <testcase name="orderHistoryDetailsTest" time="17.417" classname="com.e2e.testcases.HomePageTest"/>
  <system-out/>
  <testcase name="validateAccountDetailsTest" time="15.864" classname="com.e2e.testcases.HomePageTest"/>
  <system-out/>
</testsuite> <!-- com.e2e.testcases.HomePageTest -->
