<?xml version="1.0" encoding="UTF-8"?>
<!-- Generated by org.testng.reporters.JUnitReportReporter -->
<testsuite skipped="0" hostname="LAPTOP-PH4T5HGA" name="com.e2e.testcases.IndexPageTest" tests="2" failures="0" timestamp="2022-10-28T18:52:56 BST" time="9.426" errors="0">
  <testcase name="verifyTitle" time="4.655" classname="com.e2e.testcases.IndexPageTest"/>
  <system-out/>
  <testcase name="verifyLogo" time="4.771" classname="com.e2e.testcases.IndexPageTest"/>
  <system-out/>
</testsuite> <!-- com.e2e.testcases.IndexPageTest -->
