<?xml version="1.0" encoding="UTF-8"?>
<!-- Generated by org.testng.reporters.JUnitReportReporter -->
<testsuite skipped="0" hostname="LAPTOP-PH4T5HGA" name="com.e2e.testcases.addToCartPageTest" tests="1" failures="0" timestamp="2022-10-12T12:51:39 BST" time="17.630" errors="0">
  <testcase name="addToCartTest" time="17.630" classname="com.e2e.testcases.addToCartPageTest"/>
  <system-out/>
</testsuite> <!-- com.e2e.testcases.addToCartPageTest -->
