<?xml version="1.0" encoding="UTF-8"?>
<!-- Generated by org.testng.reporters.JUnitReportReporter -->
<testsuite skipped="0" hostname="LAPTOP-PH4T5HGA" name="com.e2e.testcases.AccountCreationPageTest" tests="1" failures="0" timestamp="2022-10-12T13:25:56 BST" time="15.192" errors="0">
  <testcase name="verifyCreateAccountPageTest" time="15.192" classname="com.e2e.testcases.AccountCreationPageTest"/>
  <system-out/>
</testsuite> <!-- com.e2e.testcases.AccountCreationPageTest -->
